<?xml version="1.0" encoding="UTF-8"?>
<!-- Generated by org.testng.reporters.JUnitReportReporter -->
<testsuite hostname="Utkarsh" failures="0" tests="1" name="TestScripts.Script004PayloadJSON" time="4.016" errors="0" timestamp="2023-12-17T14:56:11 IST" skipped="0">
  <testcase classname="TestScripts.Script004PayloadJSON" name="PostUsingJSON" time="4.016"/>
  <system-out/>
</testsuite> <!-- TestScripts.Script004PayloadJSON -->
