<?xml version="1.0" encoding="UTF-8"?>
<!-- Generated by org.testng.reporters.JUnitReportReporter -->
<testsuite hostname="Utkarsh" failures="0" tests="1" name="TestScripts.Script005PayloadXM" time="3.669" errors="0" timestamp="2023-12-17T15:12:33 IST" skipped="0">
  <testcase classname="TestScripts.Script005PayloadXM" name="Httpmethod" time="3.669"/>
  <system-out/>
</testsuite> <!-- TestScripts.Script005PayloadXM -->
