<?xml version="1.0" encoding="UTF-8"?>
<!-- Generated by org.testng.reporters.JUnitReportReporter -->
<testsuite hostname="Utkarsh" failures="0" tests="3" name="TestScripts.Script006PostmanAPIKey" time="7.447" errors="0" timestamp="2023-12-18T18:09:45 IST" skipped="0">
  <testcase classname="TestScripts.Script006PostmanAPIKey" name="postmangetReq" time="3.665"/>
  <system-out/>
  <testcase classname="TestScripts.Script006PostmanAPIKey" name="extractresponse" time="2.224"/>
  <system-out/>
  <testcase classname="TestScripts.Script006PostmanAPIKey" name="extract_response_JSONPath" time="1.558"/>
  <system-out/>
</testsuite> <!-- TestScripts.Script006PostmanAPIKey -->
