<?xml version="1.0" encoding="UTF-8"?>
<!-- Generated by org.testng.reporters.JUnitReportReporter -->
<testsuite hostname="Utkarsh" failures="0" tests="2" name="TestScripts.Script002GetMethod" time="1.989" errors="0" timestamp="2023-12-17T14:40:00 IST" skipped="1">
  <testcase classname="TestScripts.Script002GetMethod" name="GetMethodBDDStyle" time="1.989"/>
  <system-out/>
  <testcase classname="TestScripts.Script002GetMethod" name="httpGetMethod">
    <skipped/>
  </testcase> <!-- httpGetMethod -->
  <system-out/>
</testsuite> <!-- TestScripts.Script002GetMethod -->
