<?xml version="1.0" encoding="UTF-8"?>
<!-- Generated by org.testng.reporters.JUnitReportReporter -->
<testsuite hostname="Utkarsh" failures="0" tests="1" name="TestScripts.Script001SetupCheck" time="2.283" errors="0" timestamp="2023-12-17T14:29:32 IST" skipped="0">
  <testcase classname="TestScripts.Script001SetupCheck" name="setupCheck" time="2.283"/>
  <system-out/>
</testsuite> <!-- TestScripts.Script001SetupCheck -->
