<?xml version="1.0" encoding="UTF-8"?>
<!-- Generated by org.testng.reporters.JUnitReportReporter -->
<testsuite hostname="Utkarsh" failures="0" tests="1" name="TestScripts.Script007HamcrestValidateMethods" time="4.066" errors="0" timestamp="2023-12-18T18:10:47 IST" skipped="0">
  <testcase classname="TestScripts.Script007HamcrestValidateMethods" name="ValidateResponseBody_hasItems" time="4.066"/>
  <system-out/>
</testsuite> <!-- TestScripts.Script007HamcrestValidateMethods -->
