<?xml version="1.0" encoding="UTF-8"?>
<!-- Generated by org.testng.reporters.JUnitReportReporter -->
<testsuite hostname="Utkarsh" failures="0" tests="2" name="TestScripts.PaypalAuth2" time="6.359" errors="0" timestamp="2023-12-18T21:17:16 IST" skipped="0">
  <testcase classname="TestScripts.PaypalAuth2" name="Token" time="5.322"/>
  <system-out/>
  <testcase classname="TestScripts.PaypalAuth2" name="paypalauthrequest" time="1.037"/>
  <system-out/>
</testsuite> <!-- TestScripts.PaypalAuth2 -->
