<?xml version="1.0" encoding="UTF-8"?>
<!-- Generated by org.testng.reporters.JUnitReportReporter -->
<testsuite hostname="Utkarsh" failures="0" tests="1" name="TestScripts.Script008GitHubBearerToken" time="2.189" errors="0" timestamp="2023-12-18T18:22:17 IST" skipped="0">
  <testcase classname="TestScripts.Script008GitHubBearerToken" name="Authorization_bearertoken1" time="2.189"/>
  <system-out/>
</testsuite> <!-- TestScripts.Script008GitHubBearerToken -->
