<?xml version="1.0" encoding="UTF-8"?>
<!-- Generated by org.testng.reporters.JUnitReportReporter -->
<testsuite hostname="Utkarsh" failures="0" tests="1" name="TestScripts.Script003PostMethod" time="2.606" errors="0" timestamp="2023-12-18T18:58:33 IST" skipped="0">
  <testcase classname="TestScripts.Script003PostMethod" name="postMethod" time="2.606"/>
  <system-out/>
</testsuite> <!-- TestScripts.Script003PostMethod -->
